{
 "displayTimeUnit": "ms", 
 "traceEvents": [
  {
   "name": "LOAD", 
   "args": {
    "cargo": [
     "CARGO:FACTORY_B_0"
    ], 
    "transport": "TRUCK:1"
   }, 
   "pid": "TRUCK:1", 
   "ts": 0, 
   "cat": "ddd", 
   "tid": "TRUCK:1", 
   "ph": "X", 
   "dur": "0"
  }, 
  {
   "name": "FACTORY-B", 
   "tid": "TRUCK:1", 
   "ph": "B", 
   "args": {
    "cargo": [
     "CARGO:FACTORY_B_0"
    ], 
    "transport": "TRUCK:1"
   }, 
   "pid": "TRUCK:1", 
   "ts": 0, 
   "cat": "ddd"
  }, 
  {
   "name": "LOAD", 
   "args": {
    "cargo": [
     "CARGO:FACTORY_B_1"
    ], 
    "transport": "TRUCK:2"
   }, 
   "pid": "TRUCK:2", 
   "ts": 0, 
   "cat": "ddd", 
   "tid": "TRUCK:2", 
   "ph": "X", 
   "dur": "0"
  }, 
  {
   "name": "FACTORY-B", 
   "tid": "TRUCK:2", 
   "ph": "B", 
   "args": {
    "cargo": [
     "CARGO:FACTORY_B_1"
    ], 
    "transport": "TRUCK:2"
   }, 
   "pid": "TRUCK:2", 
   "ts": 0, 
   "cat": "ddd"
  }, 
  {
   "tid": "TRUCK:1", 
   "ph": "E", 
   "args": {
    "cargo": [
     "CARGO:FACTORY_B_0"
    ], 
    "transport": "TRUCK:1"
   }, 
   "pid": "TRUCK:1", 
   "ts": 5, 
   "cat": "ddd"
  }, 
  {
   "name": "UNLOAD", 
   "args": {
    "cargo": [
     "CARGO:FACTORY_B_0"
    ], 
    "transport": "TRUCK:1"
   }, 
   "pid": "TRUCK:1", 
   "ts": 5, 
   "cat": "ddd", 
   "tid": "TRUCK:1", 
   "ph": "X", 
   "dur": "0"
  }, 
  {
   "name": "B-FACTORY", 
   "tid": "TRUCK:1", 
   "ph": "B", 
   "args": {
    "cargo": [], 
    "transport": "TRUCK:1"
   }, 
   "pid": "TRUCK:1", 
   "ts": 5, 
   "cat": "ddd"
  }, 
  {
   "tid": "TRUCK:2", 
   "ph": "E", 
   "args": {
    "cargo": [
     "CARGO:FACTORY_B_1"
    ], 
    "transport": "TRUCK:2"
   }, 
   "pid": "TRUCK:2", 
   "ts": 5, 
   "cat": "ddd"
  }, 
  {
   "name": "UNLOAD", 
   "args": {
    "cargo": [
     "CARGO:FACTORY_B_1"
    ], 
    "transport": "TRUCK:2"
   }, 
   "pid": "TRUCK:2", 
   "ts": 5, 
   "cat": "ddd", 
   "tid": "TRUCK:2", 
   "ph": "X", 
   "dur": "0"
  }, 
  {
   "name": "B-FACTORY", 
   "tid": "TRUCK:2", 
   "ph": "B", 
   "args": {
    "cargo": [], 
    "transport": "TRUCK:2"
   }, 
   "pid": "TRUCK:2", 
   "ts": 5, 
   "cat": "ddd"
  }, 
  {
   "tid": "TRUCK:1", 
   "ph": "E", 
   "args": {
    "cargo": [], 
    "transport": "TRUCK:1"
   }, 
   "pid": "TRUCK:1", 
   "ts": 10, 
   "cat": "ddd"
  }, 
  {
   "tid": "TRUCK:2", 
   "ph": "E", 
   "args": {
    "cargo": [], 
    "transport": "TRUCK:2"
   }, 
   "pid": "TRUCK:2", 
   "ts": 10, 
   "cat": "ddd"
  }
 ]
}
